<?xml version="1.0" encoding="UTF-8"?>
<testsuite xmlns:xsi="http://www.w3.org/2001/XMLSchema-instance" xsi:noNamespaceSchemaLocation="https://maven.apache.org/surefire/maven-surefire-plugin/xsd/surefire-test-report-3.0.xsd" version="3.0" name="selenium.Mavenjava.CreditTest" time="0.849" tests="2" errors="0" skipped="0" failures="0">
  <properties>
    <property name="java.specification.version" value="14"/>
    <property name="sun.cpu.isalist" value="amd64"/>
    <property name="sun.jnu.encoding" value="Cp1252"/>
    <property name="java.class.path" value="C:\Users\Ramkumar\eclipse-workspace\Mavenjava\target\test-classes;C:\Users\Ramkumar\eclipse-workspace\Mavenjava\target\classes;C:\Users\Ramkumar\.m2\repository\org\seleniumhq\selenium\selenium-java\4.0.0-alpha-6\selenium-java-4.0.0-alpha-6.jar;C:\Users\Ramkumar\.m2\repository\org\seleniumhq\selenium\selenium-api\4.0.0-alpha-6\selenium-api-4.0.0-alpha-6.jar;C:\Users\Ramkumar\.m2\repository\org\seleniumhq\selenium\selenium-chrome-driver\4.0.0-alpha-6\selenium-chrome-driver-4.0.0-alpha-6.jar;C:\Users\Ramkumar\.m2\repository\com\google\auto\service\auto-service-annotations\1.0-rc6\auto-service-annotations-1.0-rc6.jar;C:\Users\Ramkumar\.m2\repository\com\google\auto\service\auto-service\1.0-rc6\auto-service-1.0-rc6.jar;C:\Users\Ramkumar\.m2\repository\com\google\auto\auto-common\0.10\auto-common-0.10.jar;C:\Users\Ramkumar\.m2\repository\com\google\guava\guava\29.0-jre\guava-29.0-jre.jar;C:\Users\Ramkumar\.m2\repository\com\google\guava\failureaccess\1.0.1\failureaccess-1.0.1.jar;C:\Users\Ramkumar\.m2\repository\com\google\guava\listenablefuture\9999.0-empty-to-avoid-conflict-with-guava\listenablefuture-9999.0-empty-to-avoid-conflict-with-guava.jar;C:\Users\Ramkumar\.m2\repository\com\google\code\findbugs\jsr305\3.0.2\jsr305-3.0.2.jar;C:\Users\Ramkumar\.m2\repository\org\checkerframework\checker-qual\2.11.1\checker-qual-2.11.1.jar;C:\Users\Ramkumar\.m2\repository\com\google\errorprone\error_prone_annotations\2.3.4\error_prone_annotations-2.3.4.jar;C:\Users\Ramkumar\.m2\repository\com\google\j2objc\j2objc-annotations\1.3\j2objc-annotations-1.3.jar;C:\Users\Ramkumar\.m2\repository\org\seleniumhq\selenium\selenium-chromium-driver\4.0.0-alpha-6\selenium-chromium-driver-4.0.0-alpha-6.jar;C:\Users\Ramkumar\.m2\repository\org\seleniumhq\selenium\selenium-devtools\4.0.0-alpha-6\selenium-devtools-4.0.0-alpha-6.jar;C:\Users\Ramkumar\.m2\repository\org\seleniumhq\selenium\selenium-http\4.0.0-alpha-6\selenium-http-4.0.0-alpha-6.jar;C:\Users\Ramkumar\.m2\repository\org\seleniumhq\selenium\selenium-json\4.0.0-alpha-6\selenium-json-4.0.0-alpha-6.jar;C:\Users\Ramkumar\.m2\repository\org\seleniumhq\selenium\selenium-edge-driver\4.0.0-alpha-6\selenium-edge-driver-4.0.0-alpha-6.jar;C:\Users\Ramkumar\.m2\repository\org\seleniumhq\selenium\selenium-edgehtml-driver\4.0.0-alpha-6\selenium-edgehtml-driver-4.0.0-alpha-6.jar;C:\Users\Ramkumar\.m2\repository\org\seleniumhq\selenium\selenium-firefox-driver\4.0.0-alpha-6\selenium-firefox-driver-4.0.0-alpha-6.jar;C:\Users\Ramkumar\.m2\repository\org\seleniumhq\selenium\selenium-firefox-xpi-driver\4.0.0-alpha-6\selenium-firefox-xpi-driver-4.0.0-alpha-6.jar;C:\Users\Ramkumar\.m2\repository\org\seleniumhq\selenium\selenium-ie-driver\4.0.0-alpha-6\selenium-ie-driver-4.0.0-alpha-6.jar;C:\Users\Ramkumar\.m2\repository\org\seleniumhq\selenium\selenium-opera-driver\4.0.0-alpha-6\selenium-opera-driver-4.0.0-alpha-6.jar;C:\Users\Ramkumar\.m2\repository\org\seleniumhq\selenium\selenium-remote-driver\4.0.0-alpha-6\selenium-remote-driver-4.0.0-alpha-6.jar;C:\Users\Ramkumar\.m2\repository\com\squareup\okhttp3\okhttp\4.5.0\okhttp-4.5.0.jar;C:\Users\Ramkumar\.m2\repository\org\jetbrains\kotlin\kotlin-stdlib\1.3.70\kotlin-stdlib-1.3.70.jar;C:\Users\Ramkumar\.m2\repository\org\jetbrains\annotations\13.0\annotations-13.0.jar;C:\Users\Ramkumar\.m2\repository\com\squareup\okio\okio\2.6.0\okio-2.6.0.jar;C:\Users\Ramkumar\.m2\repository\org\jetbrains\kotlin\kotlin-stdlib-common\1.3.70\kotlin-stdlib-common-1.3.70.jar;C:\Users\Ramkumar\.m2\repository\com\typesafe\netty\netty-reactive-streams\2.0.4\netty-reactive-streams-2.0.4.jar;C:\Users\Ramkumar\.m2\repository\io\netty\netty-handler\4.1.43.Final\netty-handler-4.1.43.Final.jar;C:\Users\Ramkumar\.m2\repository\org\reactivestreams\reactive-streams\1.0.3\reactive-streams-1.0.3.jar;C:\Users\Ramkumar\.m2\repository\io\grpc\grpc-context\1.28.0\grpc-context-1.28.0.jar;C:\Users\Ramkumar\.m2\repository\io\netty\netty-buffer\4.1.49.Final\netty-buffer-4.1.49.Final.jar;C:\Users\Ramkumar\.m2\repository\io\netty\netty-common\4.1.49.Final\netty-common-4.1.49.Final.jar;C:\Users\Ramkumar\.m2\repository\io\netty\netty-codec-http\4.1.49.Final\netty-codec-http-4.1.49.Final.jar;C:\Users\Ramkumar\.m2\repository\io\netty\netty-codec\4.1.49.Final\netty-codec-4.1.49.Final.jar;C:\Users\Ramkumar\.m2\repository\io\netty\netty-transport-native-epoll\4.1.49.Final\netty-transport-native-epoll-4.1.49.Final.jar;C:\Users\Ramkumar\.m2\repository\io\netty\netty-transport-native-epoll\4.1.49.Final\netty-transport-native-epoll-4.1.49.Final-linux-x86_64.jar;C:\Users\Ramkumar\.m2\repository\io\netty\netty-transport-native-kqueue\4.1.49.Final\netty-transport-native-kqueue-4.1.49.Final.jar;C:\Users\Ramkumar\.m2\repository\io\netty\netty-transport-native-kqueue\4.1.49.Final\netty-transport-native-kqueue-4.1.49.Final-osx-x86_64.jar;C:\Users\Ramkumar\.m2\repository\io\netty\netty-transport-native-unix-common\4.1.49.Final\netty-transport-native-unix-common-4.1.49.Final.jar;C:\Users\Ramkumar\.m2\repository\io\netty\netty-transport\4.1.49.Final\netty-transport-4.1.49.Final.jar;C:\Users\Ramkumar\.m2\repository\io\netty\netty-resolver\4.1.49.Final\netty-resolver-4.1.49.Final.jar;C:\Users\Ramkumar\.m2\repository\io\opentelemetry\opentelemetry-api\0.4.0\opentelemetry-api-0.4.0.jar;C:\Users\Ramkumar\.m2\repository\io\opentelemetry\opentelemetry-context-prop\0.4.0\opentelemetry-context-prop-0.4.0.jar;C:\Users\Ramkumar\.m2\repository\io\opentelemetry\opentelemetry-sdk\0.4.0\opentelemetry-sdk-0.4.0.jar;C:\Users\Ramkumar\.m2\repository\io\projectreactor\netty\reactor-netty\0.9.6.RELEASE\reactor-netty-0.9.6.RELEASE.jar;C:\Users\Ramkumar\.m2\repository\io\netty\netty-codec-http2\4.1.48.Final\netty-codec-http2-4.1.48.Final.jar;C:\Users\Ramkumar\.m2\repository\io\netty\netty-handler-proxy\4.1.48.Final\netty-handler-proxy-4.1.48.Final.jar;C:\Users\Ramkumar\.m2\repository\io\projectreactor\reactor-core\3.3.5.RELEASE\reactor-core-3.3.5.RELEASE.jar;C:\Users\Ramkumar\.m2\repository\net\bytebuddy\byte-buddy\1.10.9\byte-buddy-1.10.9.jar;C:\Users\Ramkumar\.m2\repository\org\apache\commons\commons-exec\1.3\commons-exec-1.3.jar;C:\Users\Ramkumar\.m2\repository\org\asynchttpclient\async-http-client\2.12.1\async-http-client-2.12.1.jar;C:\Users\Ramkumar\.m2\repository\org\asynchttpclient\async-http-client-netty-utils\2.12.1\async-http-client-netty-utils-2.12.1.jar;C:\Users\Ramkumar\.m2\repository\io\netty\netty-codec-socks\4.1.48.Final\netty-codec-socks-4.1.48.Final.jar;C:\Users\Ramkumar\.m2\repository\com\sun\activation\javax.activation\1.2.0\javax.activation-1.2.0.jar;C:\Users\Ramkumar\.m2\repository\org\seleniumhq\selenium\selenium-safari-driver\4.0.0-alpha-6\selenium-safari-driver-4.0.0-alpha-6.jar;C:\Users\Ramkumar\.m2\repository\org\seleniumhq\selenium\selenium-support\4.0.0-alpha-6\selenium-support-4.0.0-alpha-6.jar;C:\Users\Ramkumar\.m2\repository\org\testng\testng\7.3.0\testng-7.3.0.jar;C:\Users\Ramkumar\.m2\repository\com\beust\jcommander\1.78\jcommander-1.78.jar;C:\Users\Ramkumar\.m2\repository\org\apache\ant\ant\1.10.3\ant-1.10.3.jar;C:\Users\Ramkumar\.m2\repository\org\apache\ant\ant-launcher\1.10.3\ant-launcher-1.10.3.jar;C:\Users\Ramkumar\.m2\repository\junit\junit\4.12\junit-4.12.jar;C:\Users\Ramkumar\.m2\repository\org\hamcrest\hamcrest-core\1.3\hamcrest-core-1.3.jar;C:\Users\Ramkumar\.m2\repository\com\google\inject\guice\4.2.2\guice-4.2.2-no_aop.jar;C:\Users\Ramkumar\.m2\repository\javax\inject\javax.inject\1\javax.inject-1.jar;C:\Users\Ramkumar\.m2\repository\aopalliance\aopalliance\1.0\aopalliance-1.0.jar;C:\Users\Ramkumar\.m2\repository\org\yaml\snakeyaml\1.21\snakeyaml-1.21.jar;C:\Users\Ramkumar\.m2\repository\io\rest-assured\rest-assured\4.3.1\rest-assured-4.3.1.jar;C:\Users\Ramkumar\.m2\repository\org\codehaus\groovy\groovy\3.0.3\groovy-3.0.3.jar;C:\Users\Ramkumar\.m2\repository\org\codehaus\groovy\groovy-xml\3.0.3\groovy-xml-3.0.3.jar;C:\Users\Ramkumar\.m2\repository\org\apache\httpcomponents\httpclient\4.5.3\httpclient-4.5.3.jar;C:\Users\Ramkumar\.m2\repository\org\apache\httpcomponents\httpcore\4.4.6\httpcore-4.4.6.jar;C:\Users\Ramkumar\.m2\repository\commons-logging\commons-logging\1.2\commons-logging-1.2.jar;C:\Users\Ramkumar\.m2\repository\commons-codec\commons-codec\1.9\commons-codec-1.9.jar;C:\Users\Ramkumar\.m2\repository\org\apache\httpcomponents\httpmime\4.5.3\httpmime-4.5.3.jar;C:\Users\Ramkumar\.m2\repository\org\hamcrest\hamcrest\2.1\hamcrest-2.1.jar;C:\Users\Ramkumar\.m2\repository\org\ccil\cowan\tagsoup\tagsoup\1.2.1\tagsoup-1.2.1.jar;C:\Users\Ramkumar\.m2\repository\io\rest-assured\json-path\4.3.1\json-path-4.3.1.jar;C:\Users\Ramkumar\.m2\repository\org\codehaus\groovy\groovy-json\3.0.3\groovy-json-3.0.3.jar;C:\Users\Ramkumar\.m2\repository\io\rest-assured\rest-assured-common\4.3.1\rest-assured-common-4.3.1.jar;C:\Users\Ramkumar\.m2\repository\io\rest-assured\xml-path\4.3.1\xml-path-4.3.1.jar;C:\Users\Ramkumar\.m2\repository\org\apache\commons\commons-lang3\3.4\commons-lang3-3.4.jar;C:\Users\Ramkumar\.m2\repository\jakarta\xml\bind\jakarta.xml.bind-api\2.3.3\jakarta.xml.bind-api-2.3.3.jar;C:\Users\Ramkumar\.m2\repository\jakarta\activation\jakarta.activation-api\1.2.2\jakarta.activation-api-1.2.2.jar;C:\Users\Ramkumar\.m2\repository\com\sun\xml\bind\jaxb-impl\2.3.3\jaxb-impl-2.3.3.jar;C:\Users\Ramkumar\.m2\repository\com\comcast\magic-wand\appium\4.0.3\appium-4.0.3.jar;C:\Users\Ramkumar\.m2\repository\com\comcast\video\dawg\dawg-common\2.0.1\dawg-common-2.0.1.jar;C:\Users\Ramkumar\.m2\repository\com\comcast\video\stb-io-api\2.0.1\stb-io-api-2.0.1.jar;C:\Users\Ramkumar\.m2\repository\org\slf4j\slf4j-api\1.7.1\slf4j-api-1.7.1.jar;C:\Users\Ramkumar\.m2\repository\org\ini4j\ini4j\0.5.4\ini4j-0.5.4.jar;C:\Users\Ramkumar\.m2\repository\org\easymock\easymock\3.1\easymock-3.1.jar;C:\Users\Ramkumar\.m2\repository\cglib\cglib-nodep\2.2.2\cglib-nodep-2.2.2.jar;C:\Users\Ramkumar\.m2\repository\org\objenesis\objenesis\1.2\objenesis-1.2.jar;C:\Users\Ramkumar\.m2\repository\javax\servlet\servlet-api\2.5\servlet-api-2.5.jar;C:\Users\Ramkumar\.m2\repository\javax\servlet\jstl\1.2\jstl-1.2.jar;C:\Users\Ramkumar\.m2\repository\org\springframework\spring-oxm\3.2.14.RELEASE\spring-oxm-3.2.14.RELEASE.jar;C:\Users\Ramkumar\.m2\repository\org\springframework\spring-context\3.2.14.RELEASE\spring-context-3.2.14.RELEASE.jar;C:\Users\Ramkumar\.m2\repository\org\springframework\spring-aop\3.2.14.RELEASE\spring-aop-3.2.14.RELEASE.jar;C:\Users\Ramkumar\.m2\repository\org\springframework\spring-expression\3.2.14.RELEASE\spring-expression-3.2.14.RELEASE.jar;C:\Users\Ramkumar\.m2\repository\org\springframework\spring-webmvc\3.2.14.RELEASE\spring-webmvc-3.2.14.RELEASE.jar;C:\Users\Ramkumar\.m2\repository\org\springframework\spring-core\3.2.14.RELEASE\spring-core-3.2.14.RELEASE.jar;C:\Users\Ramkumar\.m2\repository\org\springframework\spring-web\3.2.14.RELEASE\spring-web-3.2.14.RELEASE.jar;C:\Users\Ramkumar\.m2\repository\org\springframework\spring-jdbc\3.2.14.RELEASE\spring-jdbc-3.2.14.RELEASE.jar;C:\Users\Ramkumar\.m2\repository\org\springframework\spring-tx\3.2.14.RELEASE\spring-tx-3.2.14.RELEASE.jar;C:\Users\Ramkumar\.m2\repository\org\springframework\spring-beans\3.2.14.RELEASE\spring-beans-3.2.14.RELEASE.jar;C:\Users\Ramkumar\.m2\repository\org\springframework\spring-test\3.2.14.RELEASE\spring-test-3.2.14.RELEASE.jar;C:\Users\Ramkumar\.m2\repository\org\aspectj\aspectjrt\1.7.0\aspectjrt-1.7.0.jar;C:\Users\Ramkumar\.m2\repository\org\slf4j\jcl-over-slf4j\1.7.1\jcl-over-slf4j-1.7.1.jar;C:\Users\Ramkumar\.m2\repository\commons-io\commons-io\2.4\commons-io-2.4.jar;C:\Users\Ramkumar\.m2\repository\commons-lang\commons-lang\2.6\commons-lang-2.6.jar;C:\Users\Ramkumar\.m2\repository\com\comcast\cereal\cereal\4.0.2\cereal-4.0.2.jar;C:\Users\Ramkumar\.m2\repository\commons-beanutils\commons-beanutils\1.7.0\commons-beanutils-1.7.0.jar;C:\Users\Ramkumar\.m2\repository\joda-time\joda-time\1.5\joda-time-1.5.jar;C:\Users\Ramkumar\.m2\repository\org\json\json\20140107\json-20140107.jar;C:\Users\Ramkumar\.m2\repository\org\codehaus\jackson\jackson-mapper-asl\1.9.12\jackson-mapper-asl-1.9.12.jar;C:\Users\Ramkumar\.m2\repository\org\codehaus\jackson\jackson-core-asl\1.9.12\jackson-core-asl-1.9.12.jar;C:\Users\Ramkumar\.m2\repository\com\comcast\pantry\pantry\2.0.8\pantry-2.0.8.jar;C:\Users\Ramkumar\.m2\repository\org\apache\commons\commons-compress\1.9\commons-compress-1.9.jar;C:\Users\Ramkumar\.m2\repository\log4j\log4j\1.2.17\log4j-1.2.17.jar;C:\Users\Ramkumar\.m2\repository\org\eclipse\jetty\websocket\websocket-client\9.1.0.M0\websocket-client-9.1.0.M0.jar;C:\Users\Ramkumar\.m2\repository\org\eclipse\jetty\jetty-util\9.1.0.M0\jetty-util-9.1.0.M0.jar;C:\Users\Ramkumar\.m2\repository\org\eclipse\jetty\jetty-io\9.1.0.M0\jetty-io-9.1.0.M0.jar;C:\Users\Ramkumar\.m2\repository\org\eclipse\jetty\websocket\websocket-common\9.1.0.M0\websocket-common-9.1.0.M0.jar;C:\Users\Ramkumar\.m2\repository\org\eclipse\jetty\websocket\websocket-api\9.1.0.M0\websocket-api-9.1.0.M0.jar;C:\Users\Ramkumar\.m2\repository\org\springframework\data\spring-data-mongodb\1.5.4.RELEASE\spring-data-mongodb-1.5.4.RELEASE.jar;C:\Users\Ramkumar\.m2\repository\org\springframework\data\spring-data-commons\1.8.4.RELEASE\spring-data-commons-1.8.4.RELEASE.jar;C:\Users\Ramkumar\.m2\repository\org\mongodb\mongo-java-driver\2.12.1\mongo-java-driver-2.12.1.jar;C:\Users\Ramkumar\.m2\repository\taglibs\standard\1.1.2\standard-1.1.2.jar;C:\Users\Ramkumar\.m2\repository\eu\bitwalker\UserAgentUtils\1.18\UserAgentUtils-1.18.jar;C:\Users\Ramkumar\.m2\repository\org\eclipse\jetty\aggregate\jetty-all-server\7.6.7.v20120910\jetty-all-server-7.6.7.v20120910.jar;C:\Users\Ramkumar\.m2\repository\org\eclipse\jetty\orbit\javax.security.auth.message\1.0.0.v201108011116\javax.security.auth.message-1.0.0.v201108011116.jar;C:\Users\Ramkumar\.m2\repository\org\eclipse\jetty\orbit\javax.mail.glassfish\1.4.1.v201005082020\javax.mail.glassfish-1.4.1.v201005082020.jar;C:\Users\Ramkumar\.m2\repository\org\eclipse\jetty\orbit\javax.activation\1.1.0.v201105071233\javax.activation-1.1.0.v201105071233.jar;C:\Users\Ramkumar\.m2\repository\org\eclipse\jetty\orbit\javax.annotation\1.1.0.v201108011116\javax.annotation-1.1.0.v201108011116.jar;C:\Users\Ramkumar\.m2\repository\org\reflections\reflections\0.9.9-RC2\reflections-0.9.9-RC2.jar;C:\Users\Ramkumar\.m2\repository\org\javassist\javassist\3.18.2-GA\javassist-3.18.2-GA.jar;C:\Users\Ramkumar\.m2\repository\com\google\code\findbugs\annotations\2.0.1\annotations-2.0.1.jar;C:\Users\Ramkumar\.m2\repository\dom4j\dom4j\1.6.1\dom4j-1.6.1.jar;C:\Users\Ramkumar\.m2\repository\xml-apis\xml-apis\1.0.b2\xml-apis-1.0.b2.jar;C:\Users\Ramkumar\.m2\repository\com\comcast\video\dawg\dawg-client\2.0.1\dawg-client-2.0.1.jar;C:\Users\Ramkumar\.m2\repository\com\comcast\drivethru\drive-thru\2.0.3\drive-thru-2.0.3.jar;C:\Users\Ramkumar\.m2\repository\com\google\code\gson\gson\2.2.4\gson-2.2.4.jar;C:\Users\Ramkumar\.m2\repository\oauth\signpost\signpost-core\1.2.1\signpost-core-1.2.1.jar;C:\Users\Ramkumar\.m2\repository\oauth\signpost\signpost-commonshttp4\1.2.1\signpost-commonshttp4-1.2.1.jar;C:\Users\Ramkumar\.m2\repository\com\comcast\magic-wand\core\4.0.3\core-4.0.3.jar;C:\Users\Ramkumar\.m2\repository\io\appium\java-client\2.2.0\java-client-2.2.0.jar;C:\Users\Ramkumar\.m2\repository\cglib\cglib\3.1\cglib-3.1.jar;C:\Users\Ramkumar\.m2\repository\org\ow2\asm\asm\4.2\asm-4.2.jar;C:\Users\Ramkumar\.m2\repository\ch\qos\logback\logback-classic\1.1.2\logback-classic-1.1.2.jar;C:\Users\Ramkumar\.m2\repository\ch\qos\logback\logback-core\1.1.2\logback-core-1.1.2.jar;"/>
    <property name="java.vm.vendor" value="Oracle Corporation"/>
    <property name="sun.arch.data.model" value="64"/>
    <property name="user.variant" value=""/>
    <property name="java.vendor.url" value="https://java.oracle.com/"/>
    <property name="user.timezone" value="Asia/Calcutta"/>
    <property name="os.name" value="Windows 10"/>
    <property name="java.vm.specification.version" value="14"/>
    <property name="sun.java.launcher" value="SUN_STANDARD"/>
    <property name="user.country" value="US"/>
    <property name="sun.boot.library.path" value="C:\Program Files\Java\jdk-14.0.1\bin"/>
    <property name="sun.java.command" value="C:\Users\Ramkumar\AppData\Local\Temp\surefire5177550028872731918\surefirebooter14262343447342828641.jar C:\Users\Ramkumar\AppData\Local\Temp\surefire5177550028872731918 2020-08-05T09-26-54_837-jvmRun1 surefire11376937390190496590tmp surefire_04276616569189504303tmp"/>
    <property name="jdk.debug" value="release"/>
    <property name="test" value="CreditTest"/>
    <property name="surefire.test.class.path" value="C:\Users\Ramkumar\eclipse-workspace\Mavenjava\target\test-classes;C:\Users\Ramkumar\eclipse-workspace\Mavenjava\target\classes;C:\Users\Ramkumar\.m2\repository\org\seleniumhq\selenium\selenium-java\4.0.0-alpha-6\selenium-java-4.0.0-alpha-6.jar;C:\Users\Ramkumar\.m2\repository\org\seleniumhq\selenium\selenium-api\4.0.0-alpha-6\selenium-api-4.0.0-alpha-6.jar;C:\Users\Ramkumar\.m2\repository\org\seleniumhq\selenium\selenium-chrome-driver\4.0.0-alpha-6\selenium-chrome-driver-4.0.0-alpha-6.jar;C:\Users\Ramkumar\.m2\repository\com\google\auto\service\auto-service-annotations\1.0-rc6\auto-service-annotations-1.0-rc6.jar;C:\Users\Ramkumar\.m2\repository\com\google\auto\service\auto-service\1.0-rc6\auto-service-1.0-rc6.jar;C:\Users\Ramkumar\.m2\repository\com\google\auto\auto-common\0.10\auto-common-0.10.jar;C:\Users\Ramkumar\.m2\repository\com\google\guava\guava\29.0-jre\guava-29.0-jre.jar;C:\Users\Ramkumar\.m2\repository\com\google\guava\failureaccess\1.0.1\failureaccess-1.0.1.jar;C:\Users\Ramkumar\.m2\repository\com\google\guava\listenablefuture\9999.0-empty-to-avoid-conflict-with-guava\listenablefuture-9999.0-empty-to-avoid-conflict-with-guava.jar;C:\Users\Ramkumar\.m2\repository\com\google\code\findbugs\jsr305\3.0.2\jsr305-3.0.2.jar;C:\Users\Ramkumar\.m2\repository\org\checkerframework\checker-qual\2.11.1\checker-qual-2.11.1.jar;C:\Users\Ramkumar\.m2\repository\com\google\errorprone\error_prone_annotations\2.3.4\error_prone_annotations-2.3.4.jar;C:\Users\Ramkumar\.m2\repository\com\google\j2objc\j2objc-annotations\1.3\j2objc-annotations-1.3.jar;C:\Users\Ramkumar\.m2\repository\org\seleniumhq\selenium\selenium-chromium-driver\4.0.0-alpha-6\selenium-chromium-driver-4.0.0-alpha-6.jar;C:\Users\Ramkumar\.m2\repository\org\seleniumhq\selenium\selenium-devtools\4.0.0-alpha-6\selenium-devtools-4.0.0-alpha-6.jar;C:\Users\Ramkumar\.m2\repository\org\seleniumhq\selenium\selenium-http\4.0.0-alpha-6\selenium-http-4.0.0-alpha-6.jar;C:\Users\Ramkumar\.m2\repository\org\seleniumhq\selenium\selenium-json\4.0.0-alpha-6\selenium-json-4.0.0-alpha-6.jar;C:\Users\Ramkumar\.m2\repository\org\seleniumhq\selenium\selenium-edge-driver\4.0.0-alpha-6\selenium-edge-driver-4.0.0-alpha-6.jar;C:\Users\Ramkumar\.m2\repository\org\seleniumhq\selenium\selenium-edgehtml-driver\4.0.0-alpha-6\selenium-edgehtml-driver-4.0.0-alpha-6.jar;C:\Users\Ramkumar\.m2\repository\org\seleniumhq\selenium\selenium-firefox-driver\4.0.0-alpha-6\selenium-firefox-driver-4.0.0-alpha-6.jar;C:\Users\Ramkumar\.m2\repository\org\seleniumhq\selenium\selenium-firefox-xpi-driver\4.0.0-alpha-6\selenium-firefox-xpi-driver-4.0.0-alpha-6.jar;C:\Users\Ramkumar\.m2\repository\org\seleniumhq\selenium\selenium-ie-driver\4.0.0-alpha-6\selenium-ie-driver-4.0.0-alpha-6.jar;C:\Users\Ramkumar\.m2\repository\org\seleniumhq\selenium\selenium-opera-driver\4.0.0-alpha-6\selenium-opera-driver-4.0.0-alpha-6.jar;C:\Users\Ramkumar\.m2\repository\org\seleniumhq\selenium\selenium-remote-driver\4.0.0-alpha-6\selenium-remote-driver-4.0.0-alpha-6.jar;C:\Users\Ramkumar\.m2\repository\com\squareup\okhttp3\okhttp\4.5.0\okhttp-4.5.0.jar;C:\Users\Ramkumar\.m2\repository\org\jetbrains\kotlin\kotlin-stdlib\1.3.70\kotlin-stdlib-1.3.70.jar;C:\Users\Ramkumar\.m2\repository\org\jetbrains\annotations\13.0\annotations-13.0.jar;C:\Users\Ramkumar\.m2\repository\com\squareup\okio\okio\2.6.0\okio-2.6.0.jar;C:\Users\Ramkumar\.m2\repository\org\jetbrains\kotlin\kotlin-stdlib-common\1.3.70\kotlin-stdlib-common-1.3.70.jar;C:\Users\Ramkumar\.m2\repository\com\typesafe\netty\netty-reactive-streams\2.0.4\netty-reactive-streams-2.0.4.jar;C:\Users\Ramkumar\.m2\repository\io\netty\netty-handler\4.1.43.Final\netty-handler-4.1.43.Final.jar;C:\Users\Ramkumar\.m2\repository\org\reactivestreams\reactive-streams\1.0.3\reactive-streams-1.0.3.jar;C:\Users\Ramkumar\.m2\repository\io\grpc\grpc-context\1.28.0\grpc-context-1.28.0.jar;C:\Users\Ramkumar\.m2\repository\io\netty\netty-buffer\4.1.49.Final\netty-buffer-4.1.49.Final.jar;C:\Users\Ramkumar\.m2\repository\io\netty\netty-common\4.1.49.Final\netty-common-4.1.49.Final.jar;C:\Users\Ramkumar\.m2\repository\io\netty\netty-codec-http\4.1.49.Final\netty-codec-http-4.1.49.Final.jar;C:\Users\Ramkumar\.m2\repository\io\netty\netty-codec\4.1.49.Final\netty-codec-4.1.49.Final.jar;C:\Users\Ramkumar\.m2\repository\io\netty\netty-transport-native-epoll\4.1.49.Final\netty-transport-native-epoll-4.1.49.Final.jar;C:\Users\Ramkumar\.m2\repository\io\netty\netty-transport-native-epoll\4.1.49.Final\netty-transport-native-epoll-4.1.49.Final-linux-x86_64.jar;C:\Users\Ramkumar\.m2\repository\io\netty\netty-transport-native-kqueue\4.1.49.Final\netty-transport-native-kqueue-4.1.49.Final.jar;C:\Users\Ramkumar\.m2\repository\io\netty\netty-transport-native-kqueue\4.1.49.Final\netty-transport-native-kqueue-4.1.49.Final-osx-x86_64.jar;C:\Users\Ramkumar\.m2\repository\io\netty\netty-transport-native-unix-common\4.1.49.Final\netty-transport-native-unix-common-4.1.49.Final.jar;C:\Users\Ramkumar\.m2\repository\io\netty\netty-transport\4.1.49.Final\netty-transport-4.1.49.Final.jar;C:\Users\Ramkumar\.m2\repository\io\netty\netty-resolver\4.1.49.Final\netty-resolver-4.1.49.Final.jar;C:\Users\Ramkumar\.m2\repository\io\opentelemetry\opentelemetry-api\0.4.0\opentelemetry-api-0.4.0.jar;C:\Users\Ramkumar\.m2\repository\io\opentelemetry\opentelemetry-context-prop\0.4.0\opentelemetry-context-prop-0.4.0.jar;C:\Users\Ramkumar\.m2\repository\io\opentelemetry\opentelemetry-sdk\0.4.0\opentelemetry-sdk-0.4.0.jar;C:\Users\Ramkumar\.m2\repository\io\projectreactor\netty\reactor-netty\0.9.6.RELEASE\reactor-netty-0.9.6.RELEASE.jar;C:\Users\Ramkumar\.m2\repository\io\netty\netty-codec-http2\4.1.48.Final\netty-codec-http2-4.1.48.Final.jar;C:\Users\Ramkumar\.m2\repository\io\netty\netty-handler-proxy\4.1.48.Final\netty-handler-proxy-4.1.48.Final.jar;C:\Users\Ramkumar\.m2\repository\io\projectreactor\reactor-core\3.3.5.RELEASE\reactor-core-3.3.5.RELEASE.jar;C:\Users\Ramkumar\.m2\repository\net\bytebuddy\byte-buddy\1.10.9\byte-buddy-1.10.9.jar;C:\Users\Ramkumar\.m2\repository\org\apache\commons\commons-exec\1.3\commons-exec-1.3.jar;C:\Users\Ramkumar\.m2\repository\org\asynchttpclient\async-http-client\2.12.1\async-http-client-2.12.1.jar;C:\Users\Ramkumar\.m2\repository\org\asynchttpclient\async-http-client-netty-utils\2.12.1\async-http-client-netty-utils-2.12.1.jar;C:\Users\Ramkumar\.m2\repository\io\netty\netty-codec-socks\4.1.48.Final\netty-codec-socks-4.1.48.Final.jar;C:\Users\Ramkumar\.m2\repository\com\sun\activation\javax.activation\1.2.0\javax.activation-1.2.0.jar;C:\Users\Ramkumar\.m2\repository\org\seleniumhq\selenium\selenium-safari-driver\4.0.0-alpha-6\selenium-safari-driver-4.0.0-alpha-6.jar;C:\Users\Ramkumar\.m2\repository\org\seleniumhq\selenium\selenium-support\4.0.0-alpha-6\selenium-support-4.0.0-alpha-6.jar;C:\Users\Ramkumar\.m2\repository\org\testng\testng\7.3.0\testng-7.3.0.jar;C:\Users\Ramkumar\.m2\repository\com\beust\jcommander\1.78\jcommander-1.78.jar;C:\Users\Ramkumar\.m2\repository\org\apache\ant\ant\1.10.3\ant-1.10.3.jar;C:\Users\Ramkumar\.m2\repository\org\apache\ant\ant-launcher\1.10.3\ant-launcher-1.10.3.jar;C:\Users\Ramkumar\.m2\repository\junit\junit\4.12\junit-4.12.jar;C:\Users\Ramkumar\.m2\repository\org\hamcrest\hamcrest-core\1.3\hamcrest-core-1.3.jar;C:\Users\Ramkumar\.m2\repository\com\google\inject\guice\4.2.2\guice-4.2.2-no_aop.jar;C:\Users\Ramkumar\.m2\repository\javax\inject\javax.inject\1\javax.inject-1.jar;C:\Users\Ramkumar\.m2\repository\aopalliance\aopalliance\1.0\aopalliance-1.0.jar;C:\Users\Ramkumar\.m2\repository\org\yaml\snakeyaml\1.21\snakeyaml-1.21.jar;C:\Users\Ramkumar\.m2\repository\io\rest-assured\rest-assured\4.3.1\rest-assured-4.3.1.jar;C:\Users\Ramkumar\.m2\repository\org\codehaus\groovy\groovy\3.0.3\groovy-3.0.3.jar;C:\Users\Ramkumar\.m2\repository\org\codehaus\groovy\groovy-xml\3.0.3\groovy-xml-3.0.3.jar;C:\Users\Ramkumar\.m2\repository\org\apache\httpcomponents\httpclient\4.5.3\httpclient-4.5.3.jar;C:\Users\Ramkumar\.m2\repository\org\apache\httpcomponents\httpcore\4.4.6\httpcore-4.4.6.jar;C:\Users\Ramkumar\.m2\repository\commons-logging\commons-logging\1.2\commons-logging-1.2.jar;C:\Users\Ramkumar\.m2\repository\commons-codec\commons-codec\1.9\commons-codec-1.9.jar;C:\Users\Ramkumar\.m2\repository\org\apache\httpcomponents\httpmime\4.5.3\httpmime-4.5.3.jar;C:\Users\Ramkumar\.m2\repository\org\hamcrest\hamcrest\2.1\hamcrest-2.1.jar;C:\Users\Ramkumar\.m2\repository\org\ccil\cowan\tagsoup\tagsoup\1.2.1\tagsoup-1.2.1.jar;C:\Users\Ramkumar\.m2\repository\io\rest-assured\json-path\4.3.1\json-path-4.3.1.jar;C:\Users\Ramkumar\.m2\repository\org\codehaus\groovy\groovy-json\3.0.3\groovy-json-3.0.3.jar;C:\Users\Ramkumar\.m2\repository\io\rest-assured\rest-assured-common\4.3.1\rest-assured-common-4.3.1.jar;C:\Users\Ramkumar\.m2\repository\io\rest-assured\xml-path\4.3.1\xml-path-4.3.1.jar;C:\Users\Ramkumar\.m2\repository\org\apache\commons\commons-lang3\3.4\commons-lang3-3.4.jar;C:\Users\Ramkumar\.m2\repository\jakarta\xml\bind\jakarta.xml.bind-api\2.3.3\jakarta.xml.bind-api-2.3.3.jar;C:\Users\Ramkumar\.m2\repository\jakarta\activation\jakarta.activation-api\1.2.2\jakarta.activation-api-1.2.2.jar;C:\Users\Ramkumar\.m2\repository\com\sun\xml\bind\jaxb-impl\2.3.3\jaxb-impl-2.3.3.jar;C:\Users\Ramkumar\.m2\repository\com\comcast\magic-wand\appium\4.0.3\appium-4.0.3.jar;C:\Users\Ramkumar\.m2\repository\com\comcast\video\dawg\dawg-common\2.0.1\dawg-common-2.0.1.jar;C:\Users\Ramkumar\.m2\repository\com\comcast\video\stb-io-api\2.0.1\stb-io-api-2.0.1.jar;C:\Users\Ramkumar\.m2\repository\org\slf4j\slf4j-api\1.7.1\slf4j-api-1.7.1.jar;C:\Users\Ramkumar\.m2\repository\org\ini4j\ini4j\0.5.4\ini4j-0.5.4.jar;C:\Users\Ramkumar\.m2\repository\org\easymock\easymock\3.1\easymock-3.1.jar;C:\Users\Ramkumar\.m2\repository\cglib\cglib-nodep\2.2.2\cglib-nodep-2.2.2.jar;C:\Users\Ramkumar\.m2\repository\org\objenesis\objenesis\1.2\objenesis-1.2.jar;C:\Users\Ramkumar\.m2\repository\javax\servlet\servlet-api\2.5\servlet-api-2.5.jar;C:\Users\Ramkumar\.m2\repository\javax\servlet\jstl\1.2\jstl-1.2.jar;C:\Users\Ramkumar\.m2\repository\org\springframework\spring-oxm\3.2.14.RELEASE\spring-oxm-3.2.14.RELEASE.jar;C:\Users\Ramkumar\.m2\repository\org\springframework\spring-context\3.2.14.RELEASE\spring-context-3.2.14.RELEASE.jar;C:\Users\Ramkumar\.m2\repository\org\springframework\spring-aop\3.2.14.RELEASE\spring-aop-3.2.14.RELEASE.jar;C:\Users\Ramkumar\.m2\repository\org\springframework\spring-expression\3.2.14.RELEASE\spring-expression-3.2.14.RELEASE.jar;C:\Users\Ramkumar\.m2\repository\org\springframework\spring-webmvc\3.2.14.RELEASE\spring-webmvc-3.2.14.RELEASE.jar;C:\Users\Ramkumar\.m2\repository\org\springframework\spring-core\3.2.14.RELEASE\spring-core-3.2.14.RELEASE.jar;C:\Users\Ramkumar\.m2\repository\org\springframework\spring-web\3.2.14.RELEASE\spring-web-3.2.14.RELEASE.jar;C:\Users\Ramkumar\.m2\repository\org\springframework\spring-jdbc\3.2.14.RELEASE\spring-jdbc-3.2.14.RELEASE.jar;C:\Users\Ramkumar\.m2\repository\org\springframework\spring-tx\3.2.14.RELEASE\spring-tx-3.2.14.RELEASE.jar;C:\Users\Ramkumar\.m2\repository\org\springframework\spring-beans\3.2.14.RELEASE\spring-beans-3.2.14.RELEASE.jar;C:\Users\Ramkumar\.m2\repository\org\springframework\spring-test\3.2.14.RELEASE\spring-test-3.2.14.RELEASE.jar;C:\Users\Ramkumar\.m2\repository\org\aspectj\aspectjrt\1.7.0\aspectjrt-1.7.0.jar;C:\Users\Ramkumar\.m2\repository\org\slf4j\jcl-over-slf4j\1.7.1\jcl-over-slf4j-1.7.1.jar;C:\Users\Ramkumar\.m2\repository\commons-io\commons-io\2.4\commons-io-2.4.jar;C:\Users\Ramkumar\.m2\repository\commons-lang\commons-lang\2.6\commons-lang-2.6.jar;C:\Users\Ramkumar\.m2\repository\com\comcast\cereal\cereal\4.0.2\cereal-4.0.2.jar;C:\Users\Ramkumar\.m2\repository\commons-beanutils\commons-beanutils\1.7.0\commons-beanutils-1.7.0.jar;C:\Users\Ramkumar\.m2\repository\joda-time\joda-time\1.5\joda-time-1.5.jar;C:\Users\Ramkumar\.m2\repository\org\json\json\20140107\json-20140107.jar;C:\Users\Ramkumar\.m2\repository\org\codehaus\jackson\jackson-mapper-asl\1.9.12\jackson-mapper-asl-1.9.12.jar;C:\Users\Ramkumar\.m2\repository\org\codehaus\jackson\jackson-core-asl\1.9.12\jackson-core-asl-1.9.12.jar;C:\Users\Ramkumar\.m2\repository\com\comcast\pantry\pantry\2.0.8\pantry-2.0.8.jar;C:\Users\Ramkumar\.m2\repository\org\apache\commons\commons-compress\1.9\commons-compress-1.9.jar;C:\Users\Ramkumar\.m2\repository\log4j\log4j\1.2.17\log4j-1.2.17.jar;C:\Users\Ramkumar\.m2\repository\org\eclipse\jetty\websocket\websocket-client\9.1.0.M0\websocket-client-9.1.0.M0.jar;C:\Users\Ramkumar\.m2\repository\org\eclipse\jetty\jetty-util\9.1.0.M0\jetty-util-9.1.0.M0.jar;C:\Users\Ramkumar\.m2\repository\org\eclipse\jetty\jetty-io\9.1.0.M0\jetty-io-9.1.0.M0.jar;C:\Users\Ramkumar\.m2\repository\org\eclipse\jetty\websocket\websocket-common\9.1.0.M0\websocket-common-9.1.0.M0.jar;C:\Users\Ramkumar\.m2\repository\org\eclipse\jetty\websocket\websocket-api\9.1.0.M0\websocket-api-9.1.0.M0.jar;C:\Users\Ramkumar\.m2\repository\org\springframework\data\spring-data-mongodb\1.5.4.RELEASE\spring-data-mongodb-1.5.4.RELEASE.jar;C:\Users\Ramkumar\.m2\repository\org\springframework\data\spring-data-commons\1.8.4.RELEASE\spring-data-commons-1.8.4.RELEASE.jar;C:\Users\Ramkumar\.m2\repository\org\mongodb\mongo-java-driver\2.12.1\mongo-java-driver-2.12.1.jar;C:\Users\Ramkumar\.m2\repository\taglibs\standard\1.1.2\standard-1.1.2.jar;C:\Users\Ramkumar\.m2\repository\eu\bitwalker\UserAgentUtils\1.18\UserAgentUtils-1.18.jar;C:\Users\Ramkumar\.m2\repository\org\eclipse\jetty\aggregate\jetty-all-server\7.6.7.v20120910\jetty-all-server-7.6.7.v20120910.jar;C:\Users\Ramkumar\.m2\repository\org\eclipse\jetty\orbit\javax.security.auth.message\1.0.0.v201108011116\javax.security.auth.message-1.0.0.v201108011116.jar;C:\Users\Ramkumar\.m2\repository\org\eclipse\jetty\orbit\javax.mail.glassfish\1.4.1.v201005082020\javax.mail.glassfish-1.4.1.v201005082020.jar;C:\Users\Ramkumar\.m2\repository\org\eclipse\jetty\orbit\javax.activation\1.1.0.v201105071233\javax.activation-1.1.0.v201105071233.jar;C:\Users\Ramkumar\.m2\repository\org\eclipse\jetty\orbit\javax.annotation\1.1.0.v201108011116\javax.annotation-1.1.0.v201108011116.jar;C:\Users\Ramkumar\.m2\repository\org\reflections\reflections\0.9.9-RC2\reflections-0.9.9-RC2.jar;C:\Users\Ramkumar\.m2\repository\org\javassist\javassist\3.18.2-GA\javassist-3.18.2-GA.jar;C:\Users\Ramkumar\.m2\repository\com\google\code\findbugs\annotations\2.0.1\annotations-2.0.1.jar;C:\Users\Ramkumar\.m2\repository\dom4j\dom4j\1.6.1\dom4j-1.6.1.jar;C:\Users\Ramkumar\.m2\repository\xml-apis\xml-apis\1.0.b2\xml-apis-1.0.b2.jar;C:\Users\Ramkumar\.m2\repository\com\comcast\video\dawg\dawg-client\2.0.1\dawg-client-2.0.1.jar;C:\Users\Ramkumar\.m2\repository\com\comcast\drivethru\drive-thru\2.0.3\drive-thru-2.0.3.jar;C:\Users\Ramkumar\.m2\repository\com\google\code\gson\gson\2.2.4\gson-2.2.4.jar;C:\Users\Ramkumar\.m2\repository\oauth\signpost\signpost-core\1.2.1\signpost-core-1.2.1.jar;C:\Users\Ramkumar\.m2\repository\oauth\signpost\signpost-commonshttp4\1.2.1\signpost-commonshttp4-1.2.1.jar;C:\Users\Ramkumar\.m2\repository\com\comcast\magic-wand\core\4.0.3\core-4.0.3.jar;C:\Users\Ramkumar\.m2\repository\io\appium\java-client\2.2.0\java-client-2.2.0.jar;C:\Users\Ramkumar\.m2\repository\cglib\cglib\3.1\cglib-3.1.jar;C:\Users\Ramkumar\.m2\repository\org\ow2\asm\asm\4.2\asm-4.2.jar;C:\Users\Ramkumar\.m2\repository\ch\qos\logback\logback-classic\1.1.2\logback-classic-1.1.2.jar;C:\Users\Ramkumar\.m2\repository\ch\qos\logback\logback-core\1.1.2\logback-core-1.1.2.jar;"/>
    <property name="sun.cpu.endian" value="little"/>
    <property name="user.home" value="C:\Users\Ramkumar"/>
    <property name="user.language" value="en"/>
    <property name="java.specification.vendor" value="Oracle Corporation"/>
    <property name="java.version.date" value="2020-04-14"/>
    <property name="java.home" value="C:\Program Files\Java\jdk-14.0.1"/>
    <property name="file.separator" value="\"/>
    <property name="basedir" value="C:\Users\Ramkumar\eclipse-workspace\Mavenjava"/>
    <property name="java.vm.compressedOopsMode" value="Zero based"/>
    <property name="line.separator" value="&#10;"/>
    <property name="java.vm.specification.vendor" value="Oracle Corporation"/>
    <property name="java.specification.name" value="Java Platform API Specification"/>
    <property name="surefire.real.class.path" value="C:\Users\Ramkumar\AppData\Local\Temp\surefire5177550028872731918\surefirebooter14262343447342828641.jar"/>
    <property name="user.script" value=""/>
    <property name="sun.management.compiler" value="HotSpot 64-Bit Tiered Compilers"/>
    <property name="java.runtime.version" value="14.0.1+7"/>
    <property name="user.name" value="Ramkumar"/>
    <property name="path.separator" value=";"/>
    <property name="os.version" value="10.0"/>
    <property name="java.runtime.name" value="Java(TM) SE Runtime Environment"/>
    <property name="file.encoding" value="Cp1252"/>
    <property name="java.vm.name" value="Java HotSpot(TM) 64-Bit Server VM"/>
    <property name="localRepository" value="C:\Users\Ramkumar\.m2\repository"/>
    <property name="java.vendor.url.bug" value="https://bugreport.java.com/bugreport/"/>
    <property name="java.io.tmpdir" value="C:\Users\Ramkumar\AppData\Local\Temp\"/>
    <property name="java.version" value="14.0.1"/>
    <property name="user.dir" value="C:\Users\Ramkumar\eclipse-workspace\Mavenjava"/>
    <property name="os.arch" value="amd64"/>
    <property name="java.vm.specification.name" value="Java Virtual Machine Specification"/>
    <property name="sun.os.patch.level" value=""/>
    <property name="java.library.path" value="C:\Program Files\Java\jdk-14.0.1\bin;C:\WINDOWS\Sun\Java\bin;C:\WINDOWS\system32;C:\WINDOWS;E:\oracle\product\10.2.0\db_6\bin;E:\oracle\product\10.2.0\db_1\bin;C:\Program Files (x86)\Intel\Intel(R) Management Engine Components\iCLS\;C:\Program Files\Intel\Intel(R) Management Engine Components\iCLS\;C:\WINDOWS\system32;C:\WINDOWS;C:\WINDOWS\System32\Wbem;C:\WINDOWS\System32\WindowsPowerShell\v1.0\;C:\Program Files (x86)\Intel\Intel(R) Management Engine Components\DAL;C:\Program Files\Intel\Intel(R) Management Engine Components\DAL;C:\Program Files (x86)\Intel\Intel(R) Management Engine Components\IPT;C:\Program Files\Intel\Intel(R) Management Engine Components\IPT;C:\WINDOWS\System32\OpenSSH\;C:\Program Files\Intel\WiFi\bin\;C:\Program Files\Common Files\Intel\WirelessCommon\;C:\Program Files\Java\jdk-14.0.1\bin;C:\Users\Ramkumar\apache-maven-3.6.3\bin;C:\Users\Ramkumar\AppData\Local\Microsoft\WindowsApps;;."/>
    <property name="java.vm.info" value="mixed mode, sharing"/>
    <property name="java.vendor" value="Oracle Corporation"/>
    <property name="java.vm.version" value="14.0.1+7"/>
    <property name="sun.io.unicode.encoding" value="UnicodeLittle"/>
    <property name="java.class.version" value="58.0"/>
  </properties>
  <testcase name="cccreation" classname="selenium.Mavenjava.CreditTest" time="0.012">
    <system-out><![CDATA[credit card creation
]]></system-out>
  </testcase>
  <testcase name="ccstatus" classname="selenium.Mavenjava.CreditTest" time="0.001">
    <system-out><![CDATA[cc status
]]></system-out>
  </testcase>
</testsuite>