<?xml version="1.0" encoding="UTF-8"?>
<!-- Generated by org.testng.reporters.JUnitReportReporter -->
<testsuite hostname="LAPTOP-NU65OLP3" failures="0" tests="2" name="selenium.Mavenjava.CreditTest" time="0.013" errors="0" timestamp="2020-08-12T17:56:05 IST" skipped="0">
  <testcase classname="selenium.Mavenjava.CreditTest" name="ccstatus" time="0.002"/>
  <system-out/>
  <testcase classname="selenium.Mavenjava.CreditTest" name="cccreation" time="0.011"/>
  <system-out/>
</testsuite> <!-- selenium.Mavenjava.CreditTest -->
