<?xml version="1.0" encoding="UTF-8"?>
<!-- Generated by org.testng.reporters.JUnitReportReporter -->
<testsuite hostname="LAPTOP-NU65OLP3" failures="0" tests="2" name="selenium.Mavenjava.CreditTest" time="0.001" errors="0" timestamp="2020-08-05T10:36:11 IST" skipped="0">
  <testcase classname="selenium.Mavenjava.CreditTest" name="cccreation" time="0.000"/>
  <system-out/>
  <testcase classname="selenium.Mavenjava.CreditTest" name="ccstatus" time="0.001"/>
  <system-out/>
</testsuite> <!-- selenium.Mavenjava.CreditTest -->
