<?xml version="1.0" encoding="UTF-8"?>
<!-- Generated by org.testng.reporters.JUnitReportReporter -->
<testsuite hostname="LAPTOP-NU65OLP3" failures="0" tests="2" name="selenium.Mavenjava.DebitTest" time="0.008" errors="0" timestamp="2020-08-05T10:36:52 IST" skipped="0">
  <testcase classname="selenium.Mavenjava.DebitTest" name="dcstatus" time="0.000"/>
  <system-out/>
  <testcase classname="selenium.Mavenjava.DebitTest" name="dccreation" time="0.008"/>
  <system-out/>
</testsuite> <!-- selenium.Mavenjava.DebitTest -->
